INSERT INTO PAIR (WORD, TRANSLATION ) VALUES ('passion','азарт');
INSERT INTO PAIR (WORD, TRANSLATION ) VALUES ('sane','здравомыслящий');
INSERT INTO PAIR (WORD, TRANSLATION ) VALUES ('chunk','кусок, ломоть');
INSERT INTO PAIR (WORD, TRANSLATION ) VALUES ('involve','вовлекать');
INSERT INTO PAIR (WORD, TRANSLATION ) VALUES ('assume','предполагать');
INSERT INTO PAIR (WORD, TRANSLATION ) VALUES ('олололо','toil');
INSERT INTO PAIR (WORD, TRANSLATION ) VALUES ('toil','усердно работать');
INSERT INTO PAIR (WORD, TRANSLATION ) VALUES ('passion','страсть, азарт');
INSERT INTO PAIR (WORD, TRANSLATION ) VALUES ('evaluate','оценивать');
INSERT INTO PAIR (WORD, TRANSLATION ) VALUES ('deception','обман');
INSERT INTO PAIR (WORD, TRANSLATION ) VALUES ('expire','терять силу, истекать');
INSERT INTO PAIR (WORD, TRANSLATION ) VALUES ('inspire','вдохновлять');
INSERT INTO PAIR (WORD, TRANSLATION ) VALUES ('proficiency','умение, опытность');
INSERT INTO PAIR (WORD, TRANSLATION ) VALUES ('arcana','тайны');
INSERT INTO PAIR (WORD, TRANSLATION ) VALUES ('insight','понимание');
INSERT INTO PAIR (WORD, TRANSLATION ) VALUES ('intimidate','запугивать');
INSERT INTO PAIR (WORD, TRANSLATION ) VALUES ('investigate','расследовать');
INSERT INTO PAIR (WORD, TRANSLATION ) VALUES ('perception','восприятие');
INSERT INTO PAIR (WORD, TRANSLATION ) VALUES ('persuasion','убеждение');
INSERT INTO PAIR (WORD, TRANSLATION ) VALUES ('sleight of hand','ловкость рук');
INSERT INTO PAIR (WORD, TRANSLATION ) VALUES ('stealth','хитрость');
INSERT INTO PAIR (WORD, TRANSLATION ) VALUES ('affinity','сродство, близость');
INSERT INTO PAIR (WORD, TRANSLATION ) VALUES ('ferret','выискивать');
INSERT INTO PAIR (WORD, TRANSLATION ) VALUES ('due','должное, в связи');
INSERT INTO PAIR (WORD, TRANSLATION ) VALUES ('carapace','хитиновый панцирь');
INSERT INTO PAIR (WORD, TRANSLATION ) VALUES ('blister','волдырь, пузырь');
INSERT INTO PAIR (WORD, TRANSLATION ) VALUES ('former','бывший');
INSERT INTO PAIR (WORD, TRANSLATION ) VALUES ('recepient','получатель');
INSERT INTO PAIR (WORD, TRANSLATION ) VALUES ('towel','полотенце');
INSERT INTO PAIR (WORD, TRANSLATION ) VALUES ('broom','веник');
INSERT INTO PAIR (WORD, TRANSLATION ) VALUES ('pan','кастрюля');
INSERT INTO PAIR (WORD, TRANSLATION ) VALUES ('hose','шланг');
INSERT INTO PAIR (WORD, TRANSLATION ) VALUES ('attitude','отношение');
INSERT INTO PAIR (WORD, TRANSLATION ) VALUES ('dispatch','отправка');
INSERT INTO PAIR (WORD, TRANSLATION ) VALUES ('persuasive','убедительный');
INSERT INTO PAIR (WORD, TRANSLATION ) VALUES ('toil','усердно трудиться');
INSERT INTO PAIR (WORD, TRANSLATION ) VALUES ('suspect','подозревать');
INSERT INTO PAIR (WORD, TRANSLATION ) VALUES ('accustomed','привыкший');
INSERT INTO PAIR (WORD, TRANSLATION ) VALUES ('disaster','катастрофа, бедствие');
INSERT INTO PAIR (WORD, TRANSLATION ) VALUES ('get used to','привыкать к');
INSERT INTO PAIR (WORD, TRANSLATION ) VALUES ('embed','встраивать');
INSERT INTO PAIR (WORD, TRANSLATION ) VALUES ('awful','страшный');
INSERT INTO PAIR (WORD, TRANSLATION ) VALUES ('assure','убеждать');
INSERT INTO PAIR (WORD, TRANSLATION ) VALUES ('radiance','сияние');
INSERT INTO PAIR (WORD, TRANSLATION ) VALUES ('insufferable','невыносимый');
INSERT INTO PAIR (WORD, TRANSLATION ) VALUES ('purpose','цель');
INSERT INTO PAIR (WORD, TRANSLATION ) VALUES ('plot','сюжет, заговор, график');
INSERT INTO PAIR (WORD, TRANSLATION ) VALUES ('scale','масштаб, шкала');
INSERT INTO PAIR (WORD, TRANSLATION ) VALUES ('estimate','оценка');
INSERT INTO PAIR (WORD, TRANSLATION ) VALUES ('exact, accurate, precise','точный');
INSERT INTO PAIR (WORD, TRANSLATION ) VALUES ('rural','сельский');
INSERT INTO PAIR (WORD, TRANSLATION ) VALUES ('divide','делить');
INSERT INTO PAIR (WORD, TRANSLATION ) VALUES ('obtain','получать');
INSERT INTO PAIR (WORD, TRANSLATION ) VALUES ('at the same time','заодно');
INSERT INTO PAIR (WORD, TRANSLATION ) VALUES ('hinder','мешать');
INSERT INTO PAIR (WORD, TRANSLATION ) VALUES ('versatile','разносторонний, гибкий');
INSERT INTO PAIR (WORD, TRANSLATION ) VALUES ('foes','противник');
INSERT INTO PAIR (WORD, TRANSLATION ) VALUES ('survey','опрос, обозрение');
INSERT INTO PAIR (WORD, TRANSLATION ) VALUES ('lane','дорожная полоса, переулок');
INSERT INTO PAIR (WORD, TRANSLATION ) VALUES ('substitution','замена');
INSERT INTO PAIR (WORD, TRANSLATION ) VALUES ('how many of you','как много вас');
INSERT INTO PAIR (WORD, TRANSLATION ) VALUES ('plot','сюжет, заговор, чертеж');
INSERT INTO PAIR (WORD, TRANSLATION ) VALUES ('approximately','примерно');
INSERT INTO PAIR (WORD, TRANSLATION ) VALUES ('rude','грубый, резкий');
INSERT INTO PAIR (WORD, TRANSLATION ) VALUES ('поочереди','one by one, in rotation');
INSERT INTO PAIR (WORD, TRANSLATION ) VALUES ('premise','предпосылка');
INSERT INTO PAIR (WORD, TRANSLATION ) VALUES ('amusement','развлечение');
INSERT INTO PAIR (WORD, TRANSLATION ) VALUES ('assess','оценить');
INSERT INTO PAIR (WORD, TRANSLATION ) VALUES ('legislation','законодательство');
INSERT INTO PAIR (WORD, TRANSLATION ) VALUES ('negotinations','переговоры');
INSERT INTO PAIR (WORD, TRANSLATION ) VALUES ('necessary','необходимый');
INSERT INTO PAIR (WORD, TRANSLATION ) VALUES ('measure','мера');
INSERT INTO PAIR (WORD, TRANSLATION ) VALUES ('intent','намерение');
INSERT INTO PAIR (WORD, TRANSLATION ) VALUES ('familiar','знакомый');
INSERT INTO PAIR (WORD, TRANSLATION ) VALUES ('sole','подошва, единственный');
INSERT INTO PAIR (WORD, TRANSLATION ) VALUES ('obligatory','обязательный');
INSERT INTO PAIR (WORD, TRANSLATION ) VALUES ('consent','согласие');
INSERT INTO PAIR (WORD, TRANSLATION ) VALUES ('absence','отсутствие, недостача');
INSERT INTO PAIR (WORD, TRANSLATION ) VALUES ('valuable','ценный');
INSERT INTO PAIR (WORD, TRANSLATION ) VALUES ('bid','заявка');
INSERT INTO PAIR (WORD, TRANSLATION ) VALUES ('foe','противник');
INSERT INTO PAIR (WORD, TRANSLATION ) VALUES ('plot','заговор, сюжет, чертеж');
INSERT INTO PAIR (WORD, TRANSLATION ) VALUES ('rely','полагаться');
INSERT INTO PAIR (WORD, TRANSLATION ) VALUES ('commitment','обязательство');
INSERT INTO PAIR (WORD, TRANSLATION ) VALUES ('sign up','подписаться');
INSERT INTO PAIR (WORD, TRANSLATION ) VALUES ('comply','соблюдать');
INSERT INTO PAIR (WORD, TRANSLATION ) VALUES ('as for','что касается');
INSERT INTO PAIR (WORD, TRANSLATION ) VALUES ('kickoff','начало');
INSERT INTO PAIR (WORD, TRANSLATION ) VALUES ('itemized','детализированный');
INSERT INTO PAIR (WORD, TRANSLATION ) VALUES ('loan','заем');
INSERT INTO PAIR (WORD, TRANSLATION ) VALUES ('carry','нести');
INSERT INTO PAIR (WORD, TRANSLATION ) VALUES ('suggest','предлагать');
INSERT INTO PAIR (WORD, TRANSLATION ) VALUES ('seldom','редко');
INSERT INTO PAIR (WORD, TRANSLATION ) VALUES ('by the time','ко времени');
INSERT INTO PAIR (WORD, TRANSLATION ) VALUES ('capable','способный');
INSERT INTO PAIR (WORD, TRANSLATION ) VALUES ('approach','подход');
INSERT INTO PAIR (WORD, TRANSLATION ) VALUES ('extensive','обширный');
INSERT INTO PAIR (WORD, TRANSLATION ) VALUES ('adopt','принять');
INSERT INTO PAIR (WORD, TRANSLATION ) VALUES ('robust','крепкий, здравый');
INSERT INTO PAIR (WORD, TRANSLATION ) VALUES ('thorough','подробный, тщательный');
INSERT INTO PAIR (WORD, TRANSLATION ) VALUES ('poll','голосование');
INSERT INTO PAIR (WORD, TRANSLATION ) VALUES ('clarify','прояснить');
INSERT INTO PAIR (WORD, TRANSLATION ) VALUES ('currently','в настоящее время');
INSERT INTO PAIR (WORD, TRANSLATION ) VALUES ('as far as i understand','насколько я понимаю');
INSERT INTO PAIR (WORD, TRANSLATION ) VALUES ('permit','разрешать');
INSERT INTO PAIR (WORD, TRANSLATION ) VALUES ('excess','избыток, лишний');
INSERT INTO PAIR (WORD, TRANSLATION ) VALUES ('threshold','предел');
INSERT INTO PAIR (WORD, TRANSLATION ) VALUES ('distract','отвлекать');
INSERT INTO PAIR (WORD, TRANSLATION ) VALUES ('divine','божественный');
INSERT INTO PAIR (WORD, TRANSLATION ) VALUES ('reflection','отражение');
INSERT INTO PAIR (WORD, TRANSLATION ) VALUES ('furnace','печь');
INSERT INTO PAIR (WORD, TRANSLATION ) VALUES ('morass','трясина');
INSERT INTO PAIR (WORD, TRANSLATION ) VALUES ('lullaby','колыбельная');
INSERT INTO PAIR (WORD, TRANSLATION ) VALUES ('obliteration','уничтожение');
INSERT INTO PAIR (WORD, TRANSLATION ) VALUES ('bliss','блаженство');
INSERT INTO PAIR (WORD, TRANSLATION ) VALUES ('phenomenon','явление');
INSERT INTO PAIR (WORD, TRANSLATION ) VALUES ('attend','присутствовать, посещать');
INSERT INTO PAIR (WORD, TRANSLATION ) VALUES ('gather','собирать');
INSERT INTO PAIR (WORD, TRANSLATION ) VALUES ('boast','хвастать');
INSERT INTO PAIR (WORD, TRANSLATION ) VALUES ('quarrel','ссориться');
INSERT INTO PAIR (WORD, TRANSLATION ) VALUES ('hassle','стычка');
INSERT INTO PAIR (WORD, TRANSLATION ) VALUES ('lash','плеть');
INSERT INTO PAIR (WORD, TRANSLATION ) VALUES ('purge','чистка');
INSERT INTO PAIR (WORD, TRANSLATION ) VALUES ('credible','заслуживающий доверия');
INSERT INTO PAIR (WORD, TRANSLATION ) VALUES ('chock up','загромождать');
INSERT INTO PAIR (WORD, TRANSLATION ) VALUES ('errand','поручение, командировка');
INSERT INTO PAIR (WORD, TRANSLATION ) VALUES ('agenda','повестка дня');
INSERT INTO PAIR (WORD, TRANSLATION ) VALUES ('pronunciation','произношение');
INSERT INTO PAIR (WORD, TRANSLATION ) VALUES ('lean','опираться');
INSERT INTO PAIR (WORD, TRANSLATION ) VALUES ('entire','весь');
INSERT INTO PAIR (WORD, TRANSLATION ) VALUES ('trade-off','компромисс');
INSERT INTO PAIR (WORD, TRANSLATION ) VALUES ('take into account','принять к сведению');
INSERT INTO PAIR (WORD, TRANSLATION ) VALUES ('meadow','луг');
INSERT INTO PAIR (WORD, TRANSLATION ) VALUES ('hike','поход, взбираться');
INSERT INTO PAIR (WORD, TRANSLATION ) VALUES ('obscure','устаревший');
INSERT INTO PAIR (WORD, TRANSLATION ) VALUES ('shatter','поколебать');
INSERT INTO PAIR (WORD, TRANSLATION ) VALUES ('alias','псевдоним');
INSERT INTO PAIR (WORD, TRANSLATION ) VALUES ('convenient','удобный');
INSERT INTO PAIR (WORD, TRANSLATION ) VALUES ('figure out','разобраться с');
INSERT INTO PAIR (WORD, TRANSLATION ) VALUES ('eager','нетерпеливый');
INSERT INTO PAIR (WORD, TRANSLATION ) VALUES ('dedication','самоотверженность, преданность');
INSERT INTO PAIR (WORD, TRANSLATION ) VALUES ('diligence','усердие');
INSERT INTO PAIR (WORD, TRANSLATION ) VALUES ('perseverance','упорство');
INSERT INTO PAIR (WORD, TRANSLATION ) VALUES ('rowing','гребля');
INSERT INTO PAIR (WORD, TRANSLATION ) VALUES ('consistently','последовательно');
INSERT INTO PAIR (WORD, TRANSLATION ) VALUES ('able','в состоянии');
INSERT INTO PAIR (WORD, TRANSLATION ) VALUES ('rough','грубый, черновой');
INSERT INTO PAIR (WORD, TRANSLATION ) VALUES ('fold','складка');
INSERT INTO PAIR (WORD, TRANSLATION ) VALUES ('perceive','воспринимать');
INSERT INTO PAIR (WORD, TRANSLATION ) VALUES ('deaf','глухой');
INSERT INTO PAIR (WORD, TRANSLATION ) VALUES ('impair','ухудшать');
INSERT INTO PAIR (WORD, TRANSLATION ) VALUES ('magnifier','лупа');
INSERT INTO PAIR (WORD, TRANSLATION ) VALUES ('refugee','беженец');
INSERT INTO PAIR (WORD, TRANSLATION ) VALUES ('enhance','усиливать. совершенствовать');
INSERT INTO PAIR (WORD, TRANSLATION ) VALUES ('opportunity','возможность, случай');
INSERT INTO PAIR (WORD, TRANSLATION ) VALUES ('possibility','возможность. вероятность');
INSERT INTO PAIR (WORD, TRANSLATION ) VALUES ('according','в соответствии');
INSERT INTO PAIR (WORD, TRANSLATION ) VALUES ('behalf','от имени');
INSERT INTO PAIR (WORD, TRANSLATION ) VALUES ('although','хотя');
INSERT INTO PAIR (WORD, TRANSLATION ) VALUES ('essential','существенный');
INSERT INTO PAIR (WORD, TRANSLATION ) VALUES ('convey','передавать. сообщать');
INSERT INTO PAIR (WORD, TRANSLATION ) VALUES ('rather','скорее, вернее, довольно');
INSERT INTO PAIR (WORD, TRANSLATION ) VALUES ('comprehensible','понятный');
INSERT INTO PAIR (WORD, TRANSLATION ) VALUES ('adjust','регулировать');
INSERT INTO PAIR (WORD, TRANSLATION ) VALUES ('bypass','обход');
INSERT INTO PAIR (WORD, TRANSLATION ) VALUES ('preserve','сохранять');
INSERT INTO PAIR (WORD, TRANSLATION ) VALUES ('obsolete','устаревший');
INSERT INTO PAIR (WORD, TRANSLATION ) VALUES ('cluttered','загроможденный');
INSERT INTO PAIR (WORD, TRANSLATION ) VALUES ('predict','предсказывать, прогнозировать');
INSERT INTO PAIR (WORD, TRANSLATION ) VALUES ('appropriate','соответствующий');
INSERT INTO PAIR (WORD, TRANSLATION ) VALUES ('awareness','осведомленность');
INSERT INTO PAIR (WORD, TRANSLATION ) VALUES ('reliably','надежно');
INSERT INTO PAIR (WORD, TRANSLATION ) VALUES ('famine','голод');
INSERT INTO PAIR (WORD, TRANSLATION ) VALUES ('determination','определение');
INSERT INTO PAIR (WORD, TRANSLATION ) VALUES ('revenue','доход');
INSERT INTO PAIR (WORD, TRANSLATION ) VALUES ('ancestor','предок');
INSERT INTO PAIR (WORD, TRANSLATION ) VALUES ('descendant','потомок');
INSERT INTO PAIR (WORD, TRANSLATION ) VALUES ('sibling','родной брат');
INSERT INTO PAIR (WORD, TRANSLATION ) VALUES ('dare','сметь');
INSERT INTO PAIR (WORD, TRANSLATION ) VALUES ('contradict','противоречить');
INSERT INTO PAIR (WORD, TRANSLATION ) VALUES ('rummage','рыться, копаться');
INSERT INTO PAIR (WORD, TRANSLATION ) VALUES ('nonetheless','тем не менее');
INSERT INTO PAIR (WORD, TRANSLATION ) VALUES ('by no means','ни в коем случае');
INSERT INTO PAIR (WORD, TRANSLATION ) VALUES ('vigilant','бдительный');
INSERT INTO PAIR (WORD, TRANSLATION ) VALUES ('cross out','вычеркнуть');
INSERT INTO PAIR (WORD, TRANSLATION ) VALUES ('gratitude','благодарность');
INSERT INTO PAIR (WORD, TRANSLATION ) VALUES ('bestow','даровать');
INSERT INTO PAIR (WORD, TRANSLATION ) VALUES ('cozy','уютный');
INSERT INTO PAIR (WORD, TRANSLATION ) VALUES ('urgent','срочный');
INSERT INTO PAIR (WORD, TRANSLATION ) VALUES ('up to you','на твое усмотрение');
INSERT INTO PAIR (WORD, TRANSLATION ) VALUES ('definitely','определенно');
INSERT INTO PAIR (WORD, TRANSLATION ) VALUES ('arrange','организовывать');
INSERT INTO PAIR (WORD, TRANSLATION ) VALUES ('marvelous','чудесный');
INSERT INTO PAIR (WORD, TRANSLATION ) VALUES ('look forward','ждать с нетерпением');
INSERT INTO PAIR (WORD, TRANSLATION ) VALUES ('stick','придерживаться');
INSERT INTO PAIR (WORD, TRANSLATION ) VALUES ('ambient','окружающий');
INSERT INTO PAIR (WORD, TRANSLATION ) VALUES ('stash','копить');
INSERT INTO PAIR (WORD, TRANSLATION ) VALUES ('exceed','превышать');
INSERT INTO PAIR (WORD, TRANSLATION ) VALUES ('duration','продолжительность');
INSERT INTO PAIR (WORD, TRANSLATION ) VALUES ('precept','заповедь');
INSERT INTO PAIR (WORD, TRANSLATION ) VALUES ('behavior','поведение');
INSERT INTO PAIR (WORD, TRANSLATION ) VALUES ('harm','вред');
INSERT INTO PAIR (WORD, TRANSLATION ) VALUES ('regarding','относительно');
INSERT INTO PAIR (WORD, TRANSLATION ) VALUES ('precision','точность');
INSERT INTO PAIR (WORD, TRANSLATION ) VALUES ('handle','справляться');
INSERT INTO PAIR (WORD, TRANSLATION ) VALUES ('fluent','беглый');
INSERT INTO PAIR (WORD, TRANSLATION ) VALUES ('instead','вместо');
INSERT INTO PAIR (WORD, TRANSLATION ) VALUES ('vouch','ручаться');
INSERT INTO PAIR (WORD, TRANSLATION ) VALUES ('authenticity','подлинность');
INSERT INTO PAIR (WORD, TRANSLATION ) VALUES ('instantiate','иллюстрировать примерами');
INSERT INTO PAIR (WORD, TRANSLATION ) VALUES ('appoint','назначать встречу');
INSERT INTO PAIR (WORD, TRANSLATION ) VALUES ('take offense','обижаться');
INSERT INTO PAIR (WORD, TRANSLATION ) VALUES ('vendor','продавец');
INSERT INTO PAIR (WORD, TRANSLATION ) VALUES ('bend','изгиб, гнуть');
INSERT INTO PAIR (WORD, TRANSLATION ) VALUES ('glance','беглый взгляд');
INSERT INTO PAIR (WORD, TRANSLATION ) VALUES ('glow','пылать, жар, свечение');
INSERT INTO PAIR (WORD, TRANSLATION ) VALUES ('shaft','стержень, ось, вал');
INSERT INTO PAIR (WORD, TRANSLATION ) VALUES ('drool','сочиться, течь, пороть чушь, млеть от счастья, пускать слюни');
INSERT INTO PAIR (WORD, TRANSLATION ) VALUES ('fondle','ласкать');
INSERT INTO PAIR (WORD, TRANSLATION ) VALUES ('fuzzy','нечеткий, ворсистый');
INSERT INTO PAIR (WORD, TRANSLATION ) VALUES ('snout','морда, рыло');
INSERT INTO PAIR (WORD, TRANSLATION ) VALUES ('squirm','извиваться');
INSERT INTO PAIR (WORD, TRANSLATION ) VALUES ('wiggle','покачиваться, ерзать');
INSERT INTO PAIR (WORD, TRANSLATION ) VALUES ('tip','кончик');
INSERT INTO PAIR (WORD, TRANSLATION ) VALUES ('vicinity','окрестности');
INSERT INTO PAIR (WORD, TRANSLATION ) VALUES ('pervert','извращенец');
INSERT INTO PAIR (WORD, TRANSLATION ) VALUES ('nuzzle','прижаться, уткнуться носом');
INSERT INTO PAIR (WORD, TRANSLATION ) VALUES ('pounce','внезапно атаковать');
INSERT INTO PAIR (WORD, TRANSLATION ) VALUES ('bulge','выпуклость, выступ');
INSERT INTO PAIR (WORD, TRANSLATION ) VALUES ('rub','тереться, тереть');
INSERT INTO PAIR (WORD, TRANSLATION ) VALUES ('wag','вилять, махать, взмах, шутник');
INSERT INTO PAIR (WORD, TRANSLATION ) VALUES ('distinct','отчетливый');
INSERT INTO PAIR (WORD, TRANSLATION ) VALUES ('overlap','накладываться, перекрывать');
INSERT INTO PAIR (WORD, TRANSLATION ) VALUES ('in a way','в некотором отношении');
INSERT INTO PAIR (WORD, TRANSLATION ) VALUES ('mastermind','руководить, управлять');
INSERT INTO PAIR (WORD, TRANSLATION ) VALUES ('tense','напряженный');
INSERT INTO PAIR (WORD, TRANSLATION ) VALUES ('gratification','удовлетворение, вознаграждение');
INSERT INTO PAIR (WORD, TRANSLATION ) VALUES ('sue','предъявлять иск, возбуждать дело');
INSERT INTO PAIR (WORD, TRANSLATION ) VALUES ('household','домашнее хозяйство');
INSERT INTO PAIR (WORD, TRANSLATION ) VALUES ('literal','буквальный, дословный');
INSERT INTO PAIR (WORD, TRANSLATION ) VALUES ('argent','серебристость');
INSERT INTO PAIR (WORD, TRANSLATION ) VALUES ('species','вид, порода');
INSERT INTO PAIR (WORD, TRANSLATION ) VALUES ('luggage','багаж');
INSERT INTO PAIR (WORD, TRANSLATION ) VALUES ('slight','легкий, незначительный');
INSERT INTO PAIR (WORD, TRANSLATION ) VALUES ('inebriate','алкоголик');
INSERT INTO PAIR (WORD, TRANSLATION ) VALUES ('hangover','похмелье');
INSERT INTO PAIR (WORD, TRANSLATION ) VALUES ('patient','терпеливый');
INSERT INTO PAIR (WORD, TRANSLATION ) VALUES ('slippery','скользкий');
INSERT INTO PAIR (WORD, TRANSLATION ) VALUES ('slope','склон');
INSERT INTO PAIR (WORD, TRANSLATION ) VALUES ('likewise','аналогично');
INSERT INTO PAIR (WORD, TRANSLATION ) VALUES ('flourish','процветать');
INSERT INTO PAIR (WORD, TRANSLATION ) VALUES ('throughout','на протяжении');
INSERT INTO PAIR (WORD, TRANSLATION ) VALUES ('deteriorate','ухудшаться');
INSERT INTO PAIR (WORD, TRANSLATION ) VALUES ('prone','склонный');
INSERT INTO PAIR (WORD, TRANSLATION ) VALUES ('make sense','иметь смысл');
INSERT INTO PAIR (WORD, TRANSLATION ) VALUES ('beforehand','заранее');
INSERT INTO PAIR (WORD, TRANSLATION ) VALUES ('recognize','распознать');
INSERT INTO PAIR (WORD, TRANSLATION ) VALUES ('infer','делать вывод');
INSERT INTO PAIR (WORD, TRANSLATION ) VALUES ('caption','подпись');
INSERT INTO PAIR (WORD, TRANSLATION ) VALUES ('mention','упомянуть');
INSERT INTO PAIR (WORD, TRANSLATION ) VALUES ('cuisine','кухня, стряпня');
INSERT INTO PAIR (WORD, TRANSLATION ) VALUES ('weird','странный, непонятный');
INSERT INTO PAIR (WORD, TRANSLATION ) VALUES ('Overall','в общем и целом');
INSERT INTO PAIR (WORD, TRANSLATION ) VALUES ('fine','штрафовать');
INSERT INTO PAIR (WORD, TRANSLATION ) VALUES ('frustrate','срывать планы');
INSERT INTO PAIR (WORD, TRANSLATION ) VALUES ('shy','застенчивый');
INSERT INTO PAIR (WORD, TRANSLATION ) VALUES ('empathetic','чуткий');
INSERT INTO PAIR (WORD, TRANSLATION ) VALUES ('generous','щедрый');
INSERT INTO PAIR (WORD, TRANSLATION ) VALUES ('compassion','сострадание');
INSERT INTO PAIR (WORD, TRANSLATION ) VALUES ('attractive','привлекательный');
INSERT INTO PAIR (WORD, TRANSLATION ) VALUES ('odds','шансы');
INSERT INTO PAIR (WORD, TRANSLATION ) VALUES ('frankly','откровенно');
INSERT INTO PAIR (WORD, TRANSLATION ) VALUES ('nitpick','придираться');
INSERT INTO PAIR (WORD, TRANSLATION ) VALUES ('grumbler','ворчун');
INSERT INTO PAIR (WORD, TRANSLATION ) VALUES ('disheveled','взъерошенный');
INSERT INTO PAIR (WORD, TRANSLATION ) VALUES ('effort','усилие');
INSERT INTO PAIR (WORD, TRANSLATION ) VALUES ('treat','угощать');
INSERT INTO PAIR (WORD, TRANSLATION ) VALUES ('steer','управлять');
INSERT INTO PAIR (WORD, TRANSLATION ) VALUES ('puddle','лужа');
INSERT INTO PAIR (WORD, TRANSLATION ) VALUES ('in demand','востребован');
INSERT INTO PAIR (WORD, TRANSLATION ) VALUES ('fraud','мошенничество');
INSERT INTO PAIR (WORD, TRANSLATION ) VALUES ('far-fetched','надуманный');
INSERT INTO PAIR (WORD, TRANSLATION ) VALUES ('fee','плата');
INSERT INTO PAIR (WORD, TRANSLATION ) VALUES ('voluntarily','добровольно');
INSERT INTO PAIR (WORD, TRANSLATION ) VALUES ('witty','остроумный');
INSERT INTO PAIR (WORD, TRANSLATION ) VALUES ('neat','аккуратный');
INSERT INTO PAIR (WORD, TRANSLATION ) VALUES ('bribe','взятка, давать взятку');
INSERT INTO PAIR (WORD, TRANSLATION ) VALUES ('biased','необъективный');
INSERT INTO PAIR (WORD, TRANSLATION ) VALUES ('abroad','за рубежом');
INSERT INTO PAIR (WORD, TRANSLATION ) VALUES ('carried away','увлекся');
INSERT INTO PAIR (WORD, TRANSLATION ) VALUES ('pivot','стержень');
INSERT INTO PAIR (WORD, TRANSLATION ) VALUES ('blink, twinkle','мигать, мерцать');
INSERT INTO PAIR (WORD, TRANSLATION ) VALUES ('hesitate','стесняться');
INSERT INTO PAIR (WORD, TRANSLATION ) VALUES ('insist','настаивать');
INSERT INTO PAIR (WORD, TRANSLATION ) VALUES ('mandatory','обязательный');
INSERT INTO PAIR (WORD, TRANSLATION ) VALUES ('precedence','старшинство, первенство');
INSERT INTO PAIR (WORD, TRANSLATION ) VALUES ('nested','вложенный');
INSERT INTO PAIR (WORD, TRANSLATION ) VALUES ('participate','участвовать');
INSERT INTO PAIR (WORD, TRANSLATION ) VALUES ('postpone','откладывать');
INSERT INTO PAIR (WORD, TRANSLATION ) VALUES ('mess','беспорядок');
INSERT INTO PAIR (WORD, TRANSLATION ) VALUES ('attentive','внимательный');
INSERT INTO PAIR (WORD, TRANSLATION ) VALUES ('intently','пристально');
INSERT INTO PAIR (WORD, TRANSLATION ) VALUES ('disgusting','отвратительный');
INSERT INTO PAIR (WORD, TRANSLATION ) VALUES ('find out','выяснить');
INSERT INTO PAIR (WORD, TRANSLATION ) VALUES ('Burst','взрыв, вспышка, лопнуть, разрывать');
INSERT INTO PAIR (WORD, TRANSLATION ) VALUES ('sprinkle','посыпать, брызгать');
INSERT INTO PAIR (WORD, TRANSLATION ) VALUES ('imply','подразумевать');
INSERT INTO PAIR (WORD, TRANSLATION ) VALUES ('straw','солома');
INSERT INTO PAIR (WORD, TRANSLATION ) VALUES ('log','бревно');
INSERT INTO PAIR (WORD, TRANSLATION ) VALUES ('high time','пора');
INSERT INTO PAIR (WORD, TRANSLATION ) VALUES ('poke','тыкать, совать');
INSERT INTO PAIR (WORD, TRANSLATION ) VALUES ('appreciation','признательность, высокая оценка, уважение');
INSERT INTO PAIR (WORD, TRANSLATION ) VALUES ('recently','недавно');
INSERT INTO PAIR (WORD, TRANSLATION ) VALUES ('concern','касаться, относиться к');
INSERT INTO PAIR (WORD, TRANSLATION ) VALUES ('Out of curiosity','чисто из любопытства');
INSERT INTO PAIR (WORD, TRANSLATION ) VALUES ('out of','сделанный из');
INSERT INTO PAIR (WORD, TRANSLATION ) VALUES ('plausibly','правдоподобно');
INSERT INTO PAIR (WORD, TRANSLATION ) VALUES ('stroll','прогулка, гулять');
INSERT INTO PAIR (WORD, TRANSLATION ) VALUES ('impression','впечатление');
INSERT INTO PAIR (WORD, TRANSLATION ) VALUES ('regardless, despite','несмотря на');
INSERT INTO PAIR (WORD, TRANSLATION ) VALUES ('salmon','лосось');
INSERT INTO PAIR (WORD, TRANSLATION ) VALUES ('excruciating, tormenting','мучительно');
INSERT INTO PAIR (WORD, TRANSLATION ) VALUES ('misuse','злоупотреблять');
INSERT INTO PAIR (WORD, TRANSLATION ) VALUES ('imply','подразумевать, означать');
INSERT INTO PAIR (WORD, TRANSLATION ) VALUES ('indent','отступ');
INSERT INTO PAIR (WORD, TRANSLATION ) VALUES ('notch','паз, выемка, зубец');
INSERT INTO PAIR (WORD, TRANSLATION ) VALUES ('regret','сожалеть');
INSERT INTO PAIR (WORD, TRANSLATION ) VALUES ('remorse','раскаяние');
INSERT INTO PAIR (WORD, TRANSLATION ) VALUES ('pending','в ожидании');
INSERT INTO PAIR (WORD, TRANSLATION ) VALUES ('circumstance','обстоятельство');
INSERT INTO PAIR (WORD, TRANSLATION ) VALUES ('wallow','валяться, барахтаться, купаться');
INSERT INTO PAIR (WORD, TRANSLATION ) VALUES ('perverse','извращенный, ошибочный, упрямый, неправильный');
INSERT INTO PAIR (WORD, TRANSLATION ) VALUES ('diversity','разнообразие');
INSERT INTO PAIR (WORD, TRANSLATION ) VALUES ('revoke','аннулировать');
INSERT INTO PAIR (WORD, TRANSLATION ) VALUES ('whim','каприз');
INSERT INTO PAIR (WORD, TRANSLATION ) VALUES ('contemptuous','презрительный, высокомерный, пренебрежительный');
INSERT INTO PAIR (WORD, TRANSLATION ) VALUES ('despise, scorn','презирать');
INSERT INTO PAIR (WORD, TRANSLATION ) VALUES ('affect','влиять');
INSERT INTO PAIR (WORD, TRANSLATION ) VALUES ('proceed','продолжать, действовать');
INSERT INTO PAIR (WORD, TRANSLATION ) VALUES ('resort','курорт');
INSERT INTO PAIR (WORD, TRANSLATION ) VALUES ('familiarize','ознакомиться');
INSERT INTO PAIR (WORD, TRANSLATION ) VALUES ('as a matter of fact','на самом деле');
INSERT INTO PAIR (WORD, TRANSLATION ) VALUES ('rob, plunder','грабить, разбойничать');
INSERT INTO PAIR (WORD, TRANSLATION ) VALUES ('proceed','продолжать, действовать');
INSERT INTO PAIR (WORD, TRANSLATION ) VALUES ('put out','выводить из себя');
INSERT INTO PAIR (WORD, TRANSLATION ) VALUES ('oppress','угнетать, притеснять');
INSERT INTO PAIR (WORD, TRANSLATION ) VALUES ('relevant','актуальный');
INSERT INTO PAIR (WORD, TRANSLATION ) VALUES ('Distinguish','различать');
INSERT INTO PAIR (WORD, TRANSLATION ) VALUES ('schedule','расписание');
INSERT INTO PAIR (WORD, TRANSLATION ) VALUES ('collaborate','сотрудничать');
INSERT INTO PAIR (WORD, TRANSLATION ) VALUES ('retire','уходить в отставку, изымать из использования');
INSERT INTO PAIR (WORD, TRANSLATION ) VALUES ('insurance','страховка');
INSERT INTO PAIR (WORD, TRANSLATION ) VALUES ('belay','страховать');
INSERT INTO PAIR (WORD, TRANSLATION ) VALUES ('disease','болезнь');
INSERT INTO PAIR (WORD, TRANSLATION ) VALUES ('justify','оправдывать, обосновывать');
INSERT INTO PAIR (WORD, TRANSLATION ) VALUES ('deed','поступок');
INSERT INTO PAIR (WORD, TRANSLATION ) VALUES ('accuse','обвинять');
INSERT INTO PAIR (WORD, TRANSLATION ) VALUES ('conspire','сговариваться');
INSERT INTO PAIR (WORD, TRANSLATION ) VALUES ('abduct','похищать');
INSERT INTO PAIR (WORD, TRANSLATION ) VALUES ('heir','наследник, преемник');
INSERT INTO PAIR (WORD, TRANSLATION ) VALUES ('ridge','горный хребет');
INSERT INTO PAIR (WORD, TRANSLATION ) VALUES ('sewer','сточная труба, коллектор');
INSERT INTO PAIR (WORD, TRANSLATION ) VALUES ('slug','слизень');
INSERT INTO PAIR (WORD, TRANSLATION ) VALUES ('interrogate','допрашивать');
INSERT INTO PAIR (WORD, TRANSLATION ) VALUES ('muffle','заглушать');
INSERT INTO PAIR (WORD, TRANSLATION ) VALUES ('torture','пытать, пытка');
INSERT INTO PAIR (WORD, TRANSLATION ) VALUES ('utmost','все возможное');
INSERT INTO PAIR (WORD, TRANSLATION ) VALUES ('conduct','проводить, поведение');
INSERT INTO PAIR (WORD, TRANSLATION ) VALUES ('inclination','наклонность');
INSERT INTO PAIR (WORD, TRANSLATION ) VALUES ('cliff','утес');
INSERT INTO PAIR (WORD, TRANSLATION ) VALUES ('elaborate','разрабатывать');
INSERT INTO PAIR (WORD, TRANSLATION ) VALUES ('leak','утечка, просачиваться');
INSERT INTO PAIR (WORD, TRANSLATION ) VALUES ('surreptitious','подпольный');
INSERT INTO PAIR (WORD, TRANSLATION ) VALUES ('penultimate','предпоследний');
INSERT INTO PAIR (WORD, TRANSLATION ) VALUES ('respectively','соответственно');
INSERT INTO PAIR (WORD, TRANSLATION ) VALUES ('foresee','предвидеть');
INSERT INTO PAIR (WORD, TRANSLATION ) VALUES ('hedge','живая изгородь');
INSERT INTO PAIR (WORD, TRANSLATION ) VALUES ('preface','предисловие');
INSERT INTO PAIR (WORD, TRANSLATION ) VALUES ('willingly','охотно');
INSERT INTO PAIR (WORD, TRANSLATION ) VALUES ('endorse','одобрять');
INSERT INTO PAIR (WORD, TRANSLATION ) VALUES ('gain, obtain, receive, fetch','получать');
INSERT INTO PAIR (WORD, TRANSLATION ) VALUES ('allow','допускать');
INSERT INTO PAIR (WORD, TRANSLATION ) VALUES ('achieve','достигнуть, добиться');
INSERT INTO PAIR (WORD, TRANSLATION ) VALUES ('Long ago','давно');
INSERT INTO PAIR (WORD, TRANSLATION ) VALUES ('recently','недавно');
INSERT INTO PAIR (WORD, TRANSLATION ) VALUES ('long ago','давно');
INSERT INTO PAIR (WORD, TRANSLATION ) VALUES ('recently','недавно');
INSERT INTO PAIR (WORD, TRANSLATION ) VALUES ('abruptly','резко');
INSERT INTO PAIR (WORD, TRANSLATION ) VALUES ('annoy','раздражать, досаждать');
INSERT INTO PAIR (WORD, TRANSLATION ) VALUES ('bother','наскучивать, надоедать');
INSERT INTO PAIR (WORD, TRANSLATION ) VALUES ('covenant','завет, соглашение, пакт');
INSERT INTO PAIR (WORD, TRANSLATION ) VALUES ('staff','персонал, посох');
INSERT INTO PAIR (WORD, TRANSLATION ) VALUES ('stuff','материал, вещи, имущество');
INSERT INTO PAIR (WORD, TRANSLATION ) VALUES ('keep an eye','приглядеть');
INSERT INTO PAIR (WORD, TRANSLATION ) VALUES ('embarrass','смущать');
INSERT INTO PAIR (WORD, TRANSLATION ) VALUES ('conscience','совесть');
INSERT INTO PAIR (WORD, TRANSLATION ) VALUES ('whose','чей');
INSERT INTO PAIR (WORD, TRANSLATION ) VALUES ('whenever','когда угодно');
INSERT INTO PAIR (WORD, TRANSLATION ) VALUES ('admire','восхищаться');
INSERT INTO PAIR (WORD, TRANSLATION ) VALUES ('decent','порядочный, приличный');
INSERT INTO PAIR (WORD, TRANSLATION ) VALUES ('confidence','увверенность');
INSERT INTO PAIR (WORD, TRANSLATION ) VALUES ('decent','порядочный, приличный');
INSERT INTO PAIR (WORD, TRANSLATION ) VALUES ('batch','партия, пакет, серия');
INSERT INTO PAIR (WORD, TRANSLATION ) VALUES ('bunch','гроздь, группа, стадо');
INSERT INTO PAIR (WORD, TRANSLATION ) VALUES ('pale','бледный');
INSERT INTO PAIR (WORD, TRANSLATION ) VALUES ('faint','слабо заметный');
INSERT INTO PAIR (WORD, TRANSLATION ) VALUES ('saturate','насыщать');
INSERT INTO PAIR (WORD, TRANSLATION ) VALUES ('hence','следовательно');
INSERT INTO PAIR (WORD, TRANSLATION ) VALUES ('complain','жаловаться');
INSERT INTO PAIR (WORD, TRANSLATION ) VALUES ('fence','забор, ограда');
INSERT INTO PAIR (WORD, TRANSLATION ) VALUES ('I don't mind','я не против');
INSERT INTO PAIR (WORD, TRANSLATION ) VALUES ('ambiguous','двусмысленный');
INSERT INTO PAIR (WORD, TRANSLATION ) VALUES ('dangle','болтаться, свисать');
INSERT INTO PAIR (WORD, TRANSLATION ) VALUES ('ambiguous','двусмысленный');
INSERT INTO PAIR (WORD, TRANSLATION ) VALUES ('kink','причуда, изгиб, чудить');
INSERT INTO PAIR (WORD, TRANSLATION ) VALUES ('pat','трепать, похлопывать');
INSERT INTO PAIR (WORD, TRANSLATION ) VALUES ('cherish','лелеять');
INSERT INTO PAIR (WORD, TRANSLATION ) VALUES ('possess','обладать');
INSERT INTO PAIR (WORD, TRANSLATION ) VALUES ('complain','жаловаться');
INSERT INTO PAIR (WORD, TRANSLATION ) VALUES ('compatible','совместимый');
INSERT INTO PAIR (WORD, TRANSLATION ) VALUES ('favorable','благоприятный');
INSERT INTO PAIR (WORD, TRANSLATION ) VALUES ('praise','похвала');
INSERT INTO PAIR (WORD, TRANSLATION ) VALUES ('patience','терпение');
INSERT INTO PAIR (WORD, TRANSLATION ) VALUES ('awkward','неловкий');
INSERT INTO PAIR (WORD, TRANSLATION ) VALUES ('sew','шить');
INSERT INTO PAIR (WORD, TRANSLATION ) VALUES ('spit','плевать');
INSERT INTO PAIR (WORD, TRANSLATION ) VALUES ('soothe','успокаивать');
INSERT INTO PAIR (WORD, TRANSLATION ) VALUES ('claim','требовать, иск');
INSERT INTO PAIR (WORD, TRANSLATION ) VALUES ('crop, clip','обрезать');
INSERT INTO PAIR (WORD, TRANSLATION ) VALUES ('sue','иск, предъявлять иск');
